<?xml version="1.0" encoding="UTF-8"?>
<testng-results skipped="0" failed="0" total="1" passed="1">
  <reporter-output>
  </reporter-output>
  <suite name="Default suite" duration-ms="52787" started-at="2016-12-02T13:17:03Z" finished-at="2016-12-02T13:17:56Z">
    <groups>
    </groups>
    <test name="Default test" duration-ms="52787" started-at="2016-12-02T13:17:03Z" finished-at="2016-12-02T13:17:56Z">
      <class name="Examples.FindingElements">
        <test-method status="PASS" signature="init()[pri:0, instance:Examples.FindingElements@13deb50e]" name="init" is-config="true" duration-ms="9574" started-at="2016-12-02T15:17:03Z" finished-at="2016-12-02T15:17:13Z">
          <reporter-output>
          </reporter-output>
        </test-method> <!-- init -->
        <test-method status="PASS" signature="firstTest()[pri:0, instance:Examples.FindingElements@13deb50e]" name="firstTest" duration-ms="42288" started-at="2016-12-02T15:17:13Z" finished-at="2016-12-02T15:17:55Z">
          <reporter-output>
          </reporter-output>
        </test-method> <!-- firstTest -->
        <test-method status="PASS" signature="AfterTest()[pri:0, instance:Examples.FindingElements@13deb50e]" name="AfterTest" is-config="true" duration-ms="897" started-at="2016-12-02T15:17:55Z" finished-at="2016-12-02T15:17:56Z">
          <reporter-output>
          </reporter-output>
        </test-method> <!-- AfterTest -->
      </class> <!-- Examples.FindingElements -->
    </test> <!-- Default test -->
  </suite> <!-- Default suite -->
</testng-results>
